<?xml version="1.0" encoding="UTF-8"?>
<!-- Generated by org.testng.reporters.JUnitReportReporter -->
<testsuite hostname="Akhi" failures="0" tests="4" name="com.bankwebsite.testcases.TestLoginWithUserData" time="24.218" errors="0" timestamp="2025-06-03T17:16:05 MDT" skipped="0">
  <testcase classname="com.bankwebsite.testcases.TestLoginWithUserData" name="VerifyLogin" time="6.409"/>
  <testcase classname="com.bankwebsite.testcases.TestLoginWithUserData" name="VerifyLogin" time="7.723"/>
  <testcase classname="com.bankwebsite.testcases.TestLoginWithUserData" name="VerifyLogin" time="5.306"/>
  <testcase classname="com.bankwebsite.testcases.TestLoginWithUserData" name="VerifyLogin" time="4.780"/>
</testsuite> <!-- com.bankwebsite.testcases.TestLoginWithUserData -->
