<?xml version="1.0" encoding="UTF-8"?>
<!-- Generated by org.testng.reporters.JUnitReportReporter -->
<testsuite hostname="Akhi" failures="0" tests="4" name="com.bankwebsite.testcases.LoginPageValidations" time="32.684" errors="0" timestamp="2025-06-04T18:56:18 MDT" skipped="0">
  <testcase classname="com.bankwebsite.testcases.LoginPageValidations" name="verifyLoginTest" time="7.223"/>
  <testcase classname="com.bankwebsite.testcases.LoginPageValidations" name="verifyLoginTest" time="8.625"/>
  <testcase classname="com.bankwebsite.testcases.LoginPageValidations" name="verifyLoginTest" time="9.224"/>
  <testcase classname="com.bankwebsite.testcases.LoginPageValidations" name="verifyLoginTest" time="7.612"/>
</testsuite> <!-- com.bankwebsite.testcases.LoginPageValidations -->
