<?xml version="1.0" encoding="UTF-8"?>
<!-- Generated by org.testng.reporters.JUnitReportReporter -->
<testsuite hostname="Akhi" failures="0" tests="1" name="com.bankwebsite.testcases.LoginTest" time="4.075" errors="0" timestamp="2025-06-03T15:09:58 MDT" skipped="0">
  <testcase classname="com.bankwebsite.testcases.LoginTest" name="verifyLogin" time="4.075"/>
</testsuite> <!-- com.bankwebsite.testcases.LoginTest -->
