<?xml version="1.0" encoding="UTF-8"?>
<!-- Generated by org.testng.reporters.JUnitReportReporter -->
<testsuite hostname="Akhi" failures="0" tests="4" name="com.bankwebsite.testcases.LoginPageValidationsWithDataProvider" time="28.274" errors="0" timestamp="2025-06-04T23:25:08 MDT" skipped="0">
  <testcase classname="com.bankwebsite.testcases.LoginPageValidationsWithDataProvider" name="testLoginWithMultipleCredentials" time="8.757"/>
  <testcase classname="com.bankwebsite.testcases.LoginPageValidationsWithDataProvider" name="testLoginWithMultipleCredentials" time="7.914"/>
  <testcase classname="com.bankwebsite.testcases.LoginPageValidationsWithDataProvider" name="testLoginWithMultipleCredentials" time="5.632"/>
  <testcase classname="com.bankwebsite.testcases.LoginPageValidationsWithDataProvider" name="testLoginWithMultipleCredentials" time="5.971"/>
</testsuite> <!-- com.bankwebsite.testcases.LoginPageValidationsWithDataProvider -->
