<?xml version="1.0" encoding="UTF-8"?>
<!-- Generated by org.testng.reporters.JUnitReportReporter -->
<testsuite hostname="Akhi" failures="0" tests="1" name="com.bankwebsite.testcases.ReadAndWriteExcelData" time="60.720" errors="0" timestamp="2025-06-04T18:19:51 MDT" skipped="0">
  <testcase classname="com.bankwebsite.testcases.ReadAndWriteExcelData" name="getUserPwdDetails" time="60.720"/>
</testsuite> <!-- com.bankwebsite.testcases.ReadAndWriteExcelData -->
