<?xml version="1.0" encoding="UTF-8"?>
<!-- Generated by org.testng.reporters.JUnitReportReporter -->
<testsuite hostname="Akhi" failures="0" tests="5" name="com.bankwebsite.testcases.LoginPageValidationsWithDBData" time="34.758" errors="0" timestamp="2025-06-05T15:46:27 MDT" skipped="0">
  <testcase classname="com.bankwebsite.testcases.LoginPageValidationsWithDBData" name="testLoginWithMultipleCredentials" time="6.102"/>
  <testcase classname="com.bankwebsite.testcases.LoginPageValidationsWithDBData" name="testLoginWithMultipleCredentials" time="8.822"/>
  <testcase classname="com.bankwebsite.testcases.LoginPageValidationsWithDBData" name="testLoginWithMultipleCredentials" time="7.059"/>
  <testcase classname="com.bankwebsite.testcases.LoginPageValidationsWithDBData" name="testLoginWithMultipleCredentials" time="6.128"/>
  <testcase classname="com.bankwebsite.testcases.LoginPageValidationsWithDBData" name="testLoginWithMultipleCredentials" time="6.647"/>
</testsuite> <!-- com.bankwebsite.testcases.LoginPageValidationsWithDBData -->
